Performing C SOURCE FILE Test CMAKE_HAVE_LIBC_PTHREAD failed with the following output:
Change Dir: /home/smilencer/Code/incubator-pegasus/rdsn/build/CMakeFiles/CMakeTmp

Run Build Command(s):/usr/bin/make cmTC_f9544/fast && /usr/bin/make -f CMakeFiles/cmTC_f9544.dir/build.make CMakeFiles/cmTC_f9544.dir/build
make[1]: Entering directory '/home/smilencer/Code/incubator-pegasus/rdsn/build/CMakeFiles/CMakeTmp'
Building C object CMakeFiles/cmTC_f9544.dir/src.c.o
/bin/gcc-7   -DCMAKE_HAVE_LIBC_PTHREAD   -o CMakeFiles/cmTC_f9544.dir/src.c.o   -c /home/smilencer/Code/incubator-pegasus/rdsn/build/CMakeFiles/CMakeTmp/src.c
Linking C executable cmTC_f9544
/usr/bin/cmake -E cmake_link_script CMakeFiles/cmTC_f9544.dir/link.txt --verbose=1
/bin/gcc-7  -DCMAKE_HAVE_LIBC_PTHREAD    CMakeFiles/cmTC_f9544.dir/src.c.o  -o cmTC_f9544 
/usr/bin/ld: CMakeFiles/cmTC_f9544.dir/src.c.o: in function `main':
src.c:(.text+0x3e): undefined reference to `pthread_create'
/usr/bin/ld: src.c:(.text+0x4a): undefined reference to `pthread_detach'
/usr/bin/ld: src.c:(.text+0x5b): undefined reference to `pthread_join'
collect2: error: ld returned 1 exit status
make[1]: *** [CMakeFiles/cmTC_f9544.dir/build.make:87: cmTC_f9544] Error 1
make[1]: Leaving directory '/home/smilencer/Code/incubator-pegasus/rdsn/build/CMakeFiles/CMakeTmp'
make: *** [Makefile:121: cmTC_f9544/fast] Error 2


Source file was:
#include <pthread.h>

void* test_func(void* data)
{
  return data;
}

int main(void)
{
  pthread_t thread;
  pthread_create(&thread, NULL, test_func, NULL);
  pthread_detach(thread);
  pthread_join(thread, NULL);
  pthread_atfork(NULL, NULL, NULL);
  pthread_exit(NULL);

  return 0;
}

Determining if the function pthread_create exists in the pthreads failed with the following output:
Change Dir: /home/smilencer/Code/incubator-pegasus/rdsn/build/CMakeFiles/CMakeTmp

Run Build Command(s):/usr/bin/make cmTC_d6f7a/fast && /usr/bin/make -f CMakeFiles/cmTC_d6f7a.dir/build.make CMakeFiles/cmTC_d6f7a.dir/build
make[1]: Entering directory '/home/smilencer/Code/incubator-pegasus/rdsn/build/CMakeFiles/CMakeTmp'
Building C object CMakeFiles/cmTC_d6f7a.dir/CheckFunctionExists.c.o
/bin/gcc-7   -DCHECK_FUNCTION_EXISTS=pthread_create   -o CMakeFiles/cmTC_d6f7a.dir/CheckFunctionExists.c.o   -c /usr/share/cmake-3.16/Modules/CheckFunctionExists.c
Linking C executable cmTC_d6f7a
/usr/bin/cmake -E cmake_link_script CMakeFiles/cmTC_d6f7a.dir/link.txt --verbose=1
/bin/gcc-7  -DCHECK_FUNCTION_EXISTS=pthread_create    CMakeFiles/cmTC_d6f7a.dir/CheckFunctionExists.c.o  -o cmTC_d6f7a  -lpthreads 
/usr/bin/ld: cannot find -lpthreads
collect2: error: ld returned 1 exit status
make[1]: *** [CMakeFiles/cmTC_d6f7a.dir/build.make:87: cmTC_d6f7a] Error 1
make[1]: Leaving directory '/home/smilencer/Code/incubator-pegasus/rdsn/build/CMakeFiles/CMakeTmp'
make: *** [Makefile:121: cmTC_d6f7a/fast] Error 2



